<?xml version="1.0" encoding="UTF-8"?>
<!-- Generated by org.testng.reporters.JUnitReportReporter -->
<testsuite hostname="SarthakDell" failures="0" tests="1" name="com.automation.ActionsClass.Assignment" time="17.074" errors="0" timestamp="2023-08-30T22:05:53 GMT-04:00" skipped="0">
  <testcase classname="com.automation.ActionsClass.Assignment" name="anotherWay" time="17.074"/>
</testsuite> <!-- com.automation.ActionsClass.Assignment -->
