<?xml version="1.0" encoding="UTF-8"?>
<!-- Generated by org.testng.reporters.JUnitReportReporter -->
<testsuite hostname="SarthakDell" failures="0" tests="1" name="com.automation.ActionsClass.Demo" time="16.597" errors="0" timestamp="2023-08-30T21:37:16 GMT-04:00" skipped="0">
  <testcase classname="com.automation.ActionsClass.Demo" name="fewKeyOperations" time="16.597"/>
</testsuite> <!-- com.automation.ActionsClass.Demo -->
