<?xml version="1.0" encoding="UTF-8"?>
<!-- Generated by org.testng.reporters.JUnitReportReporter -->
<testsuite hostname="SarthakDell" failures="0" tests="1" name="com.automation.TakeScreenShots.Demo" time="6.575" errors="0" timestamp="2023-08-30T18:40:57 GMT-04:00" skipped="0">
  <testcase classname="com.automation.TakeScreenShots.Demo" name="checkScreenShot" time="6.575"/>
</testsuite> <!-- com.automation.TakeScreenShots.Demo -->
