<?xml version="1.0" encoding="UTF-8"?>
<!-- Generated by org.testng.reporters.JUnitReportReporter -->
<testsuite hostname="SarthakDell" failures="0" tests="1" name="com.automation.DatePicker.Example1" time="13.348" errors="0" timestamp="2023-08-30T22:51:06 GMT-04:00" skipped="0">
  <testcase classname="com.automation.DatePicker.Example1" name="useCustomizeDateMethod" time="13.348"/>
</testsuite> <!-- com.automation.DatePicker.Example1 -->
