<?xml version="1.0" encoding="UTF-8"?>
<!-- Generated by org.testng.reporters.JUnitReportReporter -->
<testsuite hostname="SarthakDell" failures="0" tests="1" name="com.automation.MultipleWebElements.Flipkart" time="11.615" errors="0" timestamp="2023-08-30T20:47:14 GMT-04:00" skipped="0">
  <testcase classname="com.automation.MultipleWebElements.Flipkart" name="flipkartLinks" time="11.615"/>
</testsuite> <!-- com.automation.MultipleWebElements.Flipkart -->
