<?xml version="1.0" encoding="UTF-8"?>
<!-- Generated by org.testng.reporters.JUnitReportReporter -->
<testsuite hostname="SarthakDell" failures="0" tests="1" name="com.automation.DatePicker.Example1" time="10.607" errors="0" timestamp="2023-08-31T21:34:55 GMT-04:00" skipped="0">
  <testcase classname="com.automation.DatePicker.Example1" name="useCustomizeDateMethod" time="10.607"/>
</testsuite> <!-- com.automation.DatePicker.Example1 -->
