<?xml version="1.0" encoding="UTF-8"?>
<!-- Generated by org.testng.reporters.JUnitReportReporter -->
<testsuite hostname="SarthakDell" failures="0" tests="1" name="com.automation.ChromeOptions.HeadlessMode" time="7.199" errors="0" timestamp="2023-08-29T22:25:31 GMT-04:00" skipped="0">
  <testcase classname="com.automation.ChromeOptions.HeadlessMode" name="demoTest" time="7.199"/>
</testsuite> <!-- com.automation.ChromeOptions.HeadlessMode -->
