<?xml version="1.0" encoding="UTF-8"?>
<!-- Generated by org.testng.reporters.JUnitReportReporter -->
<testsuite hostname="SarthakDell" failures="0" tests="1" name="com.automation.ChromeOptions.Demo_ChromeOptions" time="4.153" errors="0" timestamp="2023-08-29T22:18:43 GMT-04:00" skipped="0">
  <testcase classname="com.automation.ChromeOptions.Demo_ChromeOptions" name="demoTest" time="4.153"/>
</testsuite> <!-- com.automation.ChromeOptions.Demo_ChromeOptions -->
