<?xml version="1.0" encoding="UTF-8"?>
<!-- Generated by org.testng.reporters.JUnitReportReporter -->
<testsuite hostname="SarthakDell" failures="0" tests="1" name="com.automation.TestNG_Suite3.Class3" time="0.001" errors="0" timestamp="2023-08-23T21:30:38 GMT-04:00" skipped="0">
  <testcase classname="com.automation.TestNG_Suite3.Class3" name="testingClass3" time="0.001"/>
</testsuite> <!-- com.automation.TestNG_Suite3.Class3 -->
