<?xml version="1.0" encoding="UTF-8"?>
<!-- Generated by org.testng.reporters.JUnitReportReporter -->
<testsuite hostname="SarthakDell" failures="0" tests="1" name="com.automation.TestNG_Suite1.Class1" time="0.006" errors="0" timestamp="2023-08-23T21:30:38 GMT-04:00" skipped="0">
  <testcase classname="com.automation.TestNG_Suite1.Class1" name="testingClass1" time="0.006"/>
</testsuite> <!-- com.automation.TestNG_Suite1.Class1 -->
